<?xml version="1.0" encoding="UTF-8"?>
<!-- Generated by org.testng.reporters.JUnitReportReporter -->
<testsuite hostname="Home" failures="0" tests="1" name="com.flash.testcases.MainTest" time="24.789" errors="0" timestamp="2024-08-12T22:24:50 SAST" skipped="0">
  <testcase classname="com.flash.testcases.MainTest" name="setUp" time="24.789"/>
</testsuite> <!-- com.flash.testcases.MainTest -->
